#
# A fatal error has been detected by the Java Runtime Environment:
#
#  EXCEPTION_ACCESS_VIOLATION (0xc0000005) at pc=0x0000000065d8bdcb, pid=170844, tid=0x0000000000026d50
#
# JRE version: Java(TM) SE Runtime Environment (8.0_331-b09) (build 1.8.0_331-b09)
# Java VM: Java HotSpot(TM) 64-Bit Server VM (25.331-b09 mixed mode windows-amd64 compressed oops)
# Problematic frame:
# V  [jvm.dll+0x20bdcb]
#
# Failed to write core dump. Minidumps are not enabled by default on client versions of Windows
#
# If you would like to submit a bug report, please visit:
#   http://bugreport.java.com/bugreport/crash.jsp
#

---------------  T H R E A D  ---------------

Current thread (0x000001bc9ad54000):  JavaThread "http-nio-8080-exec-81" daemon [_thread_in_vm, id=159056, stack(0x0000009e5b000000,0x0000009e5b100000)]

siginfo: ExceptionCode=0xc0000005, writing address 0x0000009e5b0f1dd0

Registers:
RAX=0x0000000000000007, RBX=0x0000000000000007, RCX=0x0000009e5b0f1dd0, RDX=0x0000000000006000
RSP=0x0000009e5b0f7dd0, RBP=0x0000009e5b0f7ed0, RSI=0x0000000000000007, RDI=0x000001bc960d7a88
R8 =0x0000000000000015, R9 =0x0000000000000016, R10=0x000001bc9aed7910, R11=0x000001bc960d7a88
R12=0x000001bc98c8b078, R13=0x0000009e5b0f81e8, R14=0x0000009e5b0f80d0, R15=0x0000009e5b0f7dd0
RIP=0x0000000065d8bdcb, EFLAGS=0x0000000000010202

Top of Stack: (sp=0x0000009e5b0f7dd0)
0x0000009e5b0f7dd0:   000001bc9ad54000 0000000000000001
0x0000009e5b0f7de0:   000001bc960d7a88 0000009e5b0f8d7c
0x0000009e5b0f7df0:   0000009e5b0f9130 0000009e5b0f9134
0x0000009e5b0f7e00:   0000009e5b0f8d68 0000009e5b0f8d6c
0x0000009e5b0f7e10:   0000000c5b0f9001 000001bc960d7a88
0x0000009e5b0f7e20:   000001bc9ad54000 000001bc8006ede0
0x0000009e5b0f7e30:   0000009e5b0f9140 00007ffaea4696fd
0x0000009e5b0f7e40:   000000000010000b 0000000000000050
0x0000009e5b0f7e50:   000001bc9a86a3e0 0000009e5b0f9014
0x0000009e5b0f7e60:   000001bc96114708 0000000065c17948
0x0000009e5b0f7e70:   0000009e00000000 000001bcfc845a00
0x0000009e5b0f7e80:   0000000000050004 000001bcfc840000
0x0000009e5b0f7e90:   0000000000000050 000001bcfc8402b4
0x0000009e5b0f7ea0:   000001bcfc840de0 0000000065bab423
0x0000009e5b0f7eb0:   000001bc98c8b078 0000000000000048
0x0000009e5b0f7ec0:   0000000000000000 0000000000000050 

Instructions: (pc=0x0000000065d8bdcb)
0x0000000065d8bdab:   f8 7c 33 48 8b de e8 aa 9f 08 00 48 63 d0 ff c6
0x0000000065d8bdbb:   48 0f af d3 49 8b cf 48 63 c6 48 2b ca 48 ff c3
0x0000000065d8bdcb:   c7 01 00 00 00 00 48 3b 05 e8 07 56 00 7e d7 48
0x0000000065d8bddb:   8b 9d e8 00 00 00 48 8d 54 24 48 48 8d 4d 50 e8 


Register to memory mapping:

RAX=0x0000000000000007 is an unknown value
RBX=0x0000000000000007 is an unknown value
RCX=0x0000009e5b0f1dd0 is pointing into the stack for thread: 0x000001bc9ad54000
RDX=0x0000000000006000 is an unknown value
RSP=0x0000009e5b0f7dd0 is pointing into the stack for thread: 0x000001bc9ad54000
RBP=0x0000009e5b0f7ed0 is pointing into the stack for thread: 0x000001bc9ad54000
RSI=0x0000000000000007 is an unknown value
RDI={method} {0x000001bc960d7a90} 'transform' '(Ljava/lang/ClassLoader;Ljava/lang/String;Ljava/lang/Class;Ljava/security/ProtectionDomain;[BZ)[B' in 'sun/instrument/InstrumentationImpl'
R8 =0x0000000000000015 is an unknown value
R9 =0x0000000000000016 is an unknown value
R10=0x000001bc9aed7910 is an unknown value
R11={method} {0x000001bc960d7a90} 'transform' '(Ljava/lang/ClassLoader;Ljava/lang/String;Ljava/lang/Class;Ljava/security/ProtectionDomain;[BZ)[B' in 'sun/instrument/InstrumentationImpl'
R12=0x000001bc98c8b078 is an unknown value
R13=0x0000009e5b0f81e8 is pointing into the stack for thread: 0x000001bc9ad54000
R14=0x0000009e5b0f80d0 is pointing into the stack for thread: 0x000001bc9ad54000
R15=0x0000009e5b0f7dd0 is pointing into the stack for thread: 0x000001bc9ad54000


Stack: [0x0000009e5b000000,0x0000009e5b100000],  sp=0x0000009e5b0f7dd0,  free space=991k
Native frames: (J=compiled Java code, j=interpreted, Vv=VM code, C=native code)
V  [jvm.dll+0x20bdcb]

Java frames: (J=compiled Java code, j=interpreted, Vv=VM code)
J 850  java.lang.ClassLoader.defineClass1(Ljava/lang/String;[BIILjava/security/ProtectionDomain;Ljava/lang/String;)Ljava/lang/Class; (0 bytes) @ 0x000001bc8026a41f [0x000001bc8026a380+0x9f]
J 778 C1 java.lang.ClassLoader.defineClass(Ljava/lang/String;[BIILjava/security/ProtectionDomain;)Ljava/lang/Class; (43 bytes) @ 0x000001bc80243e6c [0x000001bc80243d60+0x10c]
J 782 C1 java.net.URLClassLoader.defineClass(Ljava/lang/String;Lsun/misc/Resource;)Ljava/lang/Class; (142 bytes) @ 0x000001bc80247d4c [0x000001bc80247340+0xa0c]
J 714 C1 java.net.URLClassLoader$1.run()Ljava/lang/Class; (81 bytes) @ 0x000001bc80228bb4 [0x000001bc80228ae0+0xd4]
J 713 C1 java.net.URLClassLoader$1.run()Ljava/lang/Object; (5 bytes) @ 0x000001bc80228794 [0x000001bc80228760+0x34]
v  ~StubRoutines::call_stub
J 553  java.security.AccessController.doPrivileged(Ljava/security/PrivilegedExceptionAction;Ljava/security/AccessControlContext;)Ljava/lang/Object; (0 bytes) @ 0x000001bc801d65a6 [0x000001bc801d6540+0x66]
J 711 C1 java.net.URLClassLoader.findClass(Ljava/lang/String;)Ljava/lang/Class; (47 bytes) @ 0x000001bc80227f44 [0x000001bc80227e80+0xc4]
J 3835 C1 java.lang.ClassLoader.loadClass(Ljava/lang/String;Z)Ljava/lang/Class; (122 bytes) @ 0x000001bc80421d84 [0x000001bc80421a60+0x324]
J 622 C1 sun.misc.Launcher$AppClassLoader.loadClass(Ljava/lang/String;Z)Ljava/lang/Class; (85 bytes) @ 0x000001bc801ff554 [0x000001bc801ff260+0x2f4]
J 618 C1 java.lang.ClassLoader.loadClass(Ljava/lang/String;)Ljava/lang/Class; (7 bytes) @ 0x000001bc801fe224 [0x000001bc801fe1e0+0x44]
v  ~StubRoutines::call_stub
v  ~RuntimeStub::handle_exception_from_callee Runtime1 stub
J 4893 C1 com.mysql.cj.protocol.a.SimplePacketReader.readHeaderLocal()Lcom/mysql/cj/protocol/a/NativePacketHeader; (109 bytes) @ 0x000001bc808b0e0c [0x000001bc808b0be0+0x22c]
J 4895 C1 com.mysql.cj.protocol.a.SimplePacketReader.readHeader()Lcom/mysql/cj/protocol/MessageHeader; (5 bytes) @ 0x000001bc808b22c4 [0x000001bc808b2280+0x44]
J 4901 C1 com.mysql.cj.protocol.a.TimeTrackingPacketReader.readHeader()Lcom/mysql/cj/protocol/MessageHeader; (5 bytes) @ 0x000001bc808b4184 [0x000001bc808b4140+0x44]
J 4530 C1 com.mysql.cj.protocol.a.MultiPacketReader.readHeader()Lcom/mysql/cj/protocol/MessageHeader; (5 bytes) @ 0x000001bc8081d304 [0x000001bc8081d2c0+0x44]
J 4819 C1 com.mysql.cj.protocol.a.NativeProtocol.readMessage(Lcom/mysql/cj/protocol/a/NativePacketPayload;)Lcom/mysql/cj/protocol/a/NativePacketPayload; (85 bytes) @ 0x000001bc8089293c [0x000001bc808928e0+0x5c]
J 6622 C1 com.mysql.cj.protocol.a.NativeProtocol.checkErrorMessage(I)Lcom/mysql/cj/protocol/a/NativePacketPayload; (58 bytes) @ 0x000001bc80c7f3dc [0x000001bc80c7f380+0x5c]
J 5257 C1 com.mysql.cj.protocol.a.NativeProtocol.sendCommand(Lcom/mysql/cj/protocol/Message;ZI)Lcom/mysql/cj/protocol/a/NativePacketPayload; (456 bytes) @ 0x000001bc8095e92c [0x000001bc8095e5c0+0x36c]
J 6017 C1 com.mysql.cj.protocol.a.NativeProtocol.sendQueryPacket(Lcom/mysql/cj/Query;Lcom/mysql/cj/protocol/a/NativePacketPayload;IZLcom/mysql/cj/protocol/ColumnDefinition;Lcom/mysql/cj/protocol/ProtocolEntityFactory;)Lcom/mysql/cj/protocol/Resultset; (934 bytes) @ 0x000001bc80ad23b4 [0x000001bc80ad1de0+0x5d4]
J 6012 C1 com.mysql.cj.NativeSession.execSQL(Lcom/mysql/cj/Query;Ljava/lang/String;ILcom/mysql/cj/protocol/a/NativePacketPayload;ZLcom/mysql/cj/protocol/ProtocolEntityFactory;Lcom/mysql/cj/protocol/ColumnDefinition;Z)Lcom/mysql/cj/protocol/Resultset; (577 bytes) @ 0x000001bc80acb80c [0x000001bc80acb380+0x48c]
J 6721 C1 com.mysql.cj.jdbc.ClientPreparedStatement.executeInternal(ILcom/mysql/cj/protocol/Message;ZZLcom/mysql/cj/protocol/ColumnDefinition;Z)Lcom/mysql/cj/jdbc/result/ResultSetInternalMethods; (224 bytes) @ 0x000001bc80cb0a04 [0x000001bc80cb05e0+0x424]
J 6469 C1 com.mysql.cj.jdbc.ClientPreparedStatement.execute()Z (460 bytes) @ 0x000001bc80bedf24 [0x000001bc80bed640+0x8e4]
J 6103 C1 com.alibaba.druid.pool.DruidPooledPreparedStatement.execute()Z (59 bytes) @ 0x000001bc80b0e914 [0x000001bc80b0e840+0xd4]
J 6688 C1 org.apache.ibatis.executor.statement.PreparedStatementHandler.query(Ljava/sql/Statement;Lorg/apache/ibatis/session/ResultHandler;)Ljava/util/List; (23 bytes) @ 0x000001bc80c9fed4 [0x000001bc80c9fe40+0x94]
J 6102 C1 org.apache.ibatis.executor.statement.RoutingStatementHandler.query(Ljava/sql/Statement;Lorg/apache/ibatis/session/ResultHandler;)Ljava/util/List; (12 bytes) @ 0x000001bc80b0e4e4 [0x000001bc80b0e4a0+0x44]
j  org.apache.ibatis.executor.SimpleExecutor.doQuery(Lorg/apache/ibatis/mapping/MappedStatement;Ljava/lang/Object;Lorg/apache/ibatis/session/RowBounds;Lorg/apache/ibatis/session/ResultHandler;Lorg/apache/ibatis/mapping/BoundSql;)Ljava/util/List;+45
j  org.apache.ibatis.executor.BaseExecutor.queryFromDatabase(Lorg/apache/ibatis/mapping/MappedStatement;Ljava/lang/Object;Lorg/apache/ibatis/session/RowBounds;Lorg/apache/ibatis/session/ResultHandler;Lorg/apache/ibatis/cache/CacheKey;Lorg/apache/ibatis/mapping/BoundSql;)Ljava/util/List;+20
j  org.apache.ibatis.executor.BaseExecutor.query(Lorg/apache/ibatis/mapping/MappedStatement;Ljava/lang/Object;Lorg/apache/ibatis/session/RowBounds;Lorg/apache/ibatis/session/ResultHandler;Lorg/apache/ibatis/cache/CacheKey;Lorg/apache/ibatis/mapping/BoundSql;)Ljava/util/List;+119
j  org.apache.ibatis.executor.CachingExecutor.query(Lorg/apache/ibatis/mapping/MappedStatement;Ljava/lang/Object;Lorg/apache/ibatis/session/RowBounds;Lorg/apache/ibatis/session/ResultHandler;Lorg/apache/ibatis/cache/CacheKey;Lorg/apache/ibatis/mapping/BoundSql;)Ljava/util/List;+105
j  org.apache.ibatis.executor.CachingExecutor.query(Lorg/apache/ibatis/mapping/MappedStatement;Ljava/lang/Object;Lorg/apache/ibatis/session/RowBounds;Lorg/apache/ibatis/session/ResultHandler;)Ljava/util/List;+28
j  org.apache.ibatis.session.defaults.DefaultSqlSession.selectList(Ljava/lang/String;Ljava/lang/Object;Lorg/apache/ibatis/session/RowBounds;)Ljava/util/List;+25
j  org.apache.ibatis.session.defaults.DefaultSqlSession.selectList(Ljava/lang/String;Ljava/lang/Object;)Ljava/util/List;+6
j  sun.reflect.GeneratedMethodAccessor18.invoke(Ljava/lang/Object;[Ljava/lang/Object;)Ljava/lang/Object;+48
J 3116 C1 sun.reflect.DelegatingMethodAccessorImpl.invoke(Ljava/lang/Object;[Ljava/lang/Object;)Ljava/lang/Object; (10 bytes) @ 0x000001bc806519a4 [0x000001bc80651960+0x44]
J 3115 C1 java.lang.reflect.Method.invoke(Ljava/lang/Object;[Ljava/lang/Object;)Ljava/lang/Object; (62 bytes) @ 0x000001bc806515a4 [0x000001bc806514a0+0x104]
j  org.mybatis.spring.SqlSessionTemplate$SqlSessionInterceptor.invoke(Ljava/lang/Object;Ljava/lang/reflect/Method;[Ljava/lang/Object;)Ljava/lang/Object;+30
j  com.sun.proxy.$Proxy60.selectList(Ljava/lang/String;Ljava/lang/Object;)Ljava/util/List;+20
j  org.mybatis.spring.SqlSessionTemplate.selectList(Ljava/lang/String;Ljava/lang/Object;)Ljava/util/List;+6
j  org.apache.ibatis.binding.MapperMethod.executeForMany(Lorg/apache/ibatis/session/SqlSession;[Ljava/lang/Object;)Ljava/lang/Object;+61
j  org.apache.ibatis.binding.MapperMethod.execute(Lorg/apache/ibatis/session/SqlSession;[Ljava/lang/Object;)Ljava/lang/Object;+191
j  org.apache.ibatis.binding.MapperProxy$PlainMethodInvoker.invoke(Ljava/lang/Object;Ljava/lang/reflect/Method;[Ljava/lang/Object;Lorg/apache/ibatis/session/SqlSession;)Ljava/lang/Object;+7
j  org.apache.ibatis.binding.MapperProxy.invoke(Ljava/lang/Object;Ljava/lang/reflect/Method;[Ljava/lang/Object;)Ljava/lang/Object;+31
j  com.sun.proxy.$Proxy65.listGoodsVo()Ljava/util/List;+9
j  com.high_con.grad.service.GoodsService.listGoodsVo()Ljava/util/List;+4
j  com.high_con.grad.controller.ArticleController.toLogin(Lorg/springframework/ui/Model;Lcom/high_con/grad/entity/User;)Ljava/lang/String;+14
j  sun.reflect.GeneratedMethodAccessor26.invoke(Ljava/lang/Object;[Ljava/lang/Object;)Ljava/lang/Object;+48
J 3116 C1 sun.reflect.DelegatingMethodAccessorImpl.invoke(Ljava/lang/Object;[Ljava/lang/Object;)Ljava/lang/Object; (10 bytes) @ 0x000001bc806519a4 [0x000001bc80651960+0x44]
J 3115 C1 java.lang.reflect.Method.invoke(Ljava/lang/Object;[Ljava/lang/Object;)Ljava/lang/Object; (62 bytes) @ 0x000001bc806515a4 [0x000001bc806514a0+0x104]
j  org.springframework.web.method.support.InvocableHandlerMethod.doInvoke([Ljava/lang/Object;)Ljava/lang/Object;+28
j  org.springframework.web.method.support.InvocableHandlerMethod.invokeForRequest(Lorg/springframework/web/context/request/NativeWebRequest;Lorg/springframework/web/method/support/ModelAndViewContainer;[Ljava/lang/Object;)Ljava/lang/Object;+54
j  org.springframework.web.servlet.mvc.method.annotation.ServletInvocableHandlerMethod.invokeAndHandle(Lorg/springframework/web/context/request/ServletWebRequest;Lorg/springframework/web/method/support/ModelAndViewContainer;[Ljava/lang/Object;)V+4
j  org.springframework.web.servlet.mvc.method.annotation.RequestMappingHandlerAdapter.invokeHandlerMethod(Ljavax/servlet/http/HttpServletRequest;Ljavax/servlet/http/HttpServletResponse;Lorg/springframework/web/method/HandlerMethod;)Lorg/springframework/web/servlet/ModelAndView;+244
j  org.springframework.web.servlet.mvc.method.annotation.RequestMappingHandlerAdapter.handleInternal(Ljavax/servlet/http/HttpServletRequest;Ljavax/servlet/http/HttpServletResponse;Lorg/springframework/web/method/HandlerMethod;)Lorg/springframework/web/servlet/ModelAndView;+81
j  org.springframework.web.servlet.mvc.method.AbstractHandlerMethodAdapter.handle(Ljavax/servlet/http/HttpServletRequest;Ljavax/servlet/http/HttpServletResponse;Ljava/lang/Object;)Lorg/springframework/web/servlet/ModelAndView;+7
j  org.springframework.web.servlet.DispatcherServlet.doDispatch(Ljavax/servlet/http/HttpServletRequest;Ljavax/servlet/http/HttpServletResponse;)V+259
j  org.springframework.web.servlet.DispatcherServlet.doService(Ljavax/servlet/http/HttpServletRequest;Ljavax/servlet/http/HttpServletResponse;)V+241
j  org.springframework.web.servlet.FrameworkServlet.processRequest(Ljavax/servlet/http/HttpServletRequest;Ljavax/servlet/http/HttpServletResponse;)V+71
j  org.springframework.web.servlet.FrameworkServlet.doGet(Ljavax/servlet/http/HttpServletRequest;Ljavax/servlet/http/HttpServletResponse;)V+3
j  javax.servlet.http.HttpServlet.service(Ljavax/servlet/http/HttpServletRequest;Ljavax/servlet/http/HttpServletResponse;)V+35
j  org.springframework.web.servlet.FrameworkServlet.service(Ljavax/servlet/http/HttpServletRequest;Ljavax/servlet/http/HttpServletResponse;)V+33
j  javax.servlet.http.HttpServlet.service(Ljavax/servlet/ServletRequest;Ljavax/servlet/ServletResponse;)V+36
j  org.apache.catalina.core.ApplicationFilterChain.internalDoFilter(Ljavax/servlet/ServletRequest;Ljavax/servlet/ServletResponse;)V+304
j  org.apache.catalina.core.ApplicationFilterChain.doFilter(Ljavax/servlet/ServletRequest;Ljavax/servlet/ServletResponse;)V+99
j  org.apache.tomcat.websocket.server.WsFilter.doFilter(Ljavax/servlet/ServletRequest;Ljavax/servlet/ServletResponse;Ljavax/servlet/FilterChain;)V+21
j  org.apache.catalina.core.ApplicationFilterChain.internalDoFilter(Ljavax/servlet/ServletRequest;Ljavax/servlet/ServletResponse;)V+135
j  org.apache.catalina.core.ApplicationFilterChain.doFilter(Ljavax/servlet/ServletRequest;Ljavax/servlet/ServletResponse;)V+99
j  org.springframework.web.filter.RequestContextFilter.doFilterInternal(Ljavax/servlet/http/HttpServletRequest;Ljavax/servlet/http/HttpServletResponse;Ljavax/servlet/FilterChain;)V+21
j  org.springframework.web.filter.OncePerRequestFilter.doFilter(Ljavax/servlet/ServletRequest;Ljavax/servlet/ServletResponse;Ljavax/servlet/FilterChain;)V+147
j  org.apache.catalina.core.ApplicationFilterChain.internalDoFilter(Ljavax/servlet/ServletRequest;Ljavax/servlet/ServletResponse;)V+135
j  org.apache.catalina.core.ApplicationFilterChain.doFilter(Ljavax/servlet/ServletRequest;Ljavax/servlet/ServletResponse;)V+99
j  org.springframework.web.filter.FormContentFilter.doFilterInternal(Ljavax/servlet/http/HttpServletRequest;Ljavax/servlet/http/HttpServletResponse;Ljavax/servlet/FilterChain;)V+38
j  org.springframework.web.filter.OncePerRequestFilter.doFilter(Ljavax/servlet/ServletRequest;Ljavax/servlet/ServletResponse;Ljavax/servlet/FilterChain;)V+147
j  org.apache.catalina.core.ApplicationFilterChain.internalDoFilter(Ljavax/servlet/ServletRequest;Ljavax/servlet/ServletResponse;)V+135
j  org.apache.catalina.core.ApplicationFilterChain.doFilter(Ljavax/servlet/ServletRequest;Ljavax/servlet/ServletResponse;)V+99
j  org.springframework.web.filter.CharacterEncodingFilter.doFilterInternal(Ljavax/servlet/http/HttpServletRequest;Ljavax/servlet/http/HttpServletResponse;Ljavax/servlet/FilterChain;)V+53
j  org.springframework.web.filter.OncePerRequestFilter.doFilter(Ljavax/servlet/ServletRequest;Ljavax/servlet/ServletResponse;Ljavax/servlet/FilterChain;)V+147
j  org.apache.catalina.core.ApplicationFilterChain.internalDoFilter(Ljavax/servlet/ServletRequest;Ljavax/servlet/ServletResponse;)V+135
j  org.apache.catalina.core.ApplicationFilterChain.doFilter(Ljavax/servlet/ServletRequest;Ljavax/servlet/ServletResponse;)V+99
j  org.apache.catalina.core.StandardWrapperValve.invoke(Lorg/apache/catalina/connector/Request;Lorg/apache/catalina/connector/Response;)V+514
j  org.apache.catalina.core.StandardContextValve.invoke(Lorg/apache/catalina/connector/Request;Lorg/apache/catalina/connector/Response;)V+169
j  org.apache.catalina.authenticator.AuthenticatorBase.invoke(Lorg/apache/catalina/connector/Request;Lorg/apache/catalina/connector/Response;)V+260
j  org.apache.catalina.core.StandardHostValve.invoke(Lorg/apache/catalina/connector/Request;Lorg/apache/catalina/connector/Response;)V+128
j  org.apache.catalina.valves.ErrorReportValve.invoke(Lorg/apache/catalina/connector/Request;Lorg/apache/catalina/connector/Response;)V+6
j  org.apache.catalina.core.StandardEngineValve.invoke(Lorg/apache/catalina/connector/Request;Lorg/apache/catalina/connector/Response;)V+59
j  org.apache.catalina.connector.CoyoteAdapter.service(Lorg/apache/coyote/Request;Lorg/apache/coyote/Response;)V+203
j  org.apache.coyote.http11.Http11Processor.service(Lorg/apache/tomcat/util/net/SocketWrapperBase;)Lorg/apache/tomcat/util/net/AbstractEndpoint$Handler$SocketState;+796
j  org.apache.coyote.AbstractProcessorLight.process(Lorg/apache/tomcat/util/net/SocketWrapperBase;Lorg/apache/tomcat/util/net/SocketEvent;)Lorg/apache/tomcat/util/net/AbstractEndpoint$Handler$SocketState;+170
j  org.apache.coyote.AbstractProtocol$ConnectionHandler.process(Lorg/apache/tomcat/util/net/SocketWrapperBase;Lorg/apache/tomcat/util/net/SocketEvent;)Lorg/apache/tomcat/util/net/AbstractEndpoint$Handler$SocketState;+489
j  org.apache.tomcat.util.net.NioEndpoint$SocketProcessor.doRun()V+249
j  org.apache.tomcat.util.net.SocketProcessorBase.run()V+21
j  org.apache.tomcat.util.threads.ThreadPoolExecutor.runWorker(Lorg/apache/tomcat/util/threads/ThreadPoolExecutor$Worker;)V+92
j  org.apache.tomcat.util.threads.ThreadPoolExecutor$Worker.run()V+5
j  org.apache.tomcat.util.threads.TaskThread$WrappingRunnable.run()V+4
j  java.lang.Thread.run()V+11
v  ~StubRoutines::call_stub

---------------  P R O C E S S  ---------------

Java Threads: ( => current thread )
  0x000001bc9a465000 JavaThread "Thread-20" daemon [_thread_blocked, id=185280, stack(0x0000009e63100000,0x0000009e63200000)]
  0x000001bc9a462800 JavaThread "Thread-19" daemon [_thread_blocked, id=178752, stack(0x0000009e63000000,0x0000009e63100000)]
  0x000001bc9a461800 JavaThread "MySQL Statement Cancellation Timer" daemon [_thread_blocked, id=185088, stack(0x0000009e62f00000,0x0000009e63000000)]
  0x000001bc9a461000 JavaThread "MySQL Statement Cancellation Timer" daemon [_thread_blocked, id=185084, stack(0x0000009e62e00000,0x0000009e62f00000)]
  0x000001bc9a463800 JavaThread "MySQL Statement Cancellation Timer" daemon [_thread_blocked, id=183604, stack(0x0000009e62d00000,0x0000009e62e00000)]
  0x000001bc9a460000 JavaThread "MySQL Statement Cancellation Timer" daemon [_thread_blocked, id=177792, stack(0x0000009e62c00000,0x0000009e62d00000)]
  0x000001bc9a45c800 JavaThread "Thread-14" daemon [_thread_blocked, id=170720, stack(0x0000009e62b00000,0x0000009e62c00000)]
  0x000001bc9a45b000 JavaThread "MySQL Statement Cancellation Timer" daemon [_thread_blocked, id=159276, stack(0x0000009e62a00000,0x0000009e62b00000)]
  0x000001bc9a45b800 JavaThread "MySQL Statement Cancellation Timer" daemon [_thread_blocked, id=188264, stack(0x0000009e62900000,0x0000009e62a00000)]
  0x000001bc9a45e800 JavaThread "MySQL Statement Cancellation Timer" daemon [_thread_blocked, id=187208, stack(0x0000009e62800000,0x0000009e62900000)]
  0x000001bc9a458000 JavaThread "http-nio-8080-exec-200" daemon [_thread_blocked, id=190308, stack(0x0000009e62700000,0x0000009e62800000)]
  0x000001bc9a458800 JavaThread "http-nio-8080-exec-199" daemon [_thread_in_native, id=170824, stack(0x0000009e62600000,0x0000009e62700000)]
  0x000001bc9a45e000 JavaThread "http-nio-8080-exec-198" daemon [_thread_blocked, id=160540, stack(0x0000009e62500000,0x0000009e62600000)]
  0x000001bc9a454000 JavaThread "http-nio-8080-exec-197" daemon [_thread_blocked, id=176308, stack(0x0000009e62400000,0x0000009e62500000)]
  0x000001bc9a45a000 JavaThread "http-nio-8080-exec-196" daemon [_thread_blocked, id=189048, stack(0x0000009e62300000,0x0000009e62400000)]
  0x000001bc9a459800 JavaThread "http-nio-8080-exec-195" daemon [_thread_blocked, id=80508, stack(0x0000009e62200000,0x0000009e62300000)]
  0x000001bc9a456800 JavaThread "http-nio-8080-exec-194" daemon [_thread_blocked, id=179260, stack(0x0000009e62100000,0x0000009e62200000)]
  0x000001bc9a455800 JavaThread "http-nio-8080-exec-193" daemon [_thread_blocked, id=180864, stack(0x0000009e62000000,0x0000009e62100000)]
  0x000001bc9a450800 JavaThread "http-nio-8080-exec-192" daemon [_thread_blocked, id=177348, stack(0x0000009e61f00000,0x0000009e62000000)]
  0x000001bc9a457000 JavaThread "http-nio-8080-exec-191" daemon [_thread_blocked, id=166612, stack(0x0000009e61e00000,0x0000009e61f00000)]
  0x000001bc9a453800 JavaThread "http-nio-8080-exec-190" daemon [_thread_blocked, id=85104, stack(0x0000009e61d00000,0x0000009e61e00000)]
  0x000001bc9a455000 JavaThread "http-nio-8080-exec-189" daemon [_thread_blocked, id=163180, stack(0x0000009e61c00000,0x0000009e61d00000)]
  0x000001bc9a452000 JavaThread "http-nio-8080-exec-188" daemon [_thread_blocked, id=174108, stack(0x0000009e61b00000,0x0000009e61c00000)]
  0x000001bc9a451000 JavaThread "http-nio-8080-exec-187" daemon [_thread_blocked, id=170032, stack(0x0000009e61a00000,0x0000009e61b00000)]
  0x000001bc9a452800 JavaThread "http-nio-8080-exec-186" daemon [_thread_blocked, id=173728, stack(0x0000009e61900000,0x0000009e61a00000)]
  0x000001bc9a449000 JavaThread "http-nio-8080-exec-185" daemon [_thread_blocked, id=88576, stack(0x0000009e61800000,0x0000009e61900000)]
  0x000001bc9a44f800 JavaThread "http-nio-8080-exec-184" daemon [_thread_blocked, id=128004, stack(0x0000009e61700000,0x0000009e61800000)]
  0x000001bc9a44b000 JavaThread "http-nio-8080-exec-183" daemon [_thread_blocked, id=189824, stack(0x0000009e61600000,0x0000009e61700000)]
  0x000001bc9a448000 JavaThread "http-nio-8080-exec-182" daemon [_thread_in_native, id=170580, stack(0x0000009e61500000,0x0000009e61600000)]
  0x000001bc9a44f000 JavaThread "http-nio-8080-exec-181" daemon [_thread_blocked, id=186320, stack(0x0000009e61400000,0x0000009e61500000)]
  0x000001bc9a44e000 JavaThread "http-nio-8080-exec-180" daemon [_thread_blocked, id=176892, stack(0x0000009e61300000,0x0000009e61400000)]
  0x000001bc9a44d800 JavaThread "http-nio-8080-exec-179" daemon [_thread_blocked, id=162216, stack(0x0000009e61200000,0x0000009e61300000)]
  0x000001bc9a44c800 JavaThread "http-nio-8080-exec-178" daemon [_thread_blocked, id=163904, stack(0x0000009e61100000,0x0000009e61200000)]
  0x000001bc9a44a800 JavaThread "http-nio-8080-exec-177" daemon [_thread_blocked, id=165908, stack(0x0000009e61000000,0x0000009e61100000)]
  0x000001bc9a44c000 JavaThread "http-nio-8080-exec-176" daemon [_thread_blocked, id=133928, stack(0x0000009e60f00000,0x0000009e61000000)]
  0x000001bc9a449800 JavaThread "http-nio-8080-exec-175" daemon [_thread_blocked, id=178676, stack(0x0000009e60e00000,0x0000009e60f00000)]
  0x000001bc9c98f800 JavaThread "http-nio-8080-exec-174" daemon [_thread_blocked, id=158488, stack(0x0000009e60d00000,0x0000009e60e00000)]
  0x000001bc9c98c800 JavaThread "http-nio-8080-exec-173" daemon [_thread_blocked, id=139728, stack(0x0000009e60c00000,0x0000009e60d00000)]
  0x000001bc9c98e000 JavaThread "http-nio-8080-exec-172" daemon [_thread_blocked, id=168160, stack(0x0000009e60b00000,0x0000009e60c00000)]
  0x000001bc9c98b800 JavaThread "http-nio-8080-exec-171" daemon [_thread_blocked, id=160064, stack(0x0000009e60a00000,0x0000009e60b00000)]
  0x000001bc9c98d000 JavaThread "http-nio-8080-exec-170" daemon [_thread_blocked, id=153708, stack(0x0000009e60900000,0x0000009e60a00000)]
  0x000001bc9c98b000 JavaThread "http-nio-8080-exec-169" daemon [_thread_in_native, id=163764, stack(0x0000009e60800000,0x0000009e60900000)]
  0x000001bc9c98e800 JavaThread "http-nio-8080-exec-168" daemon [_thread_in_Java, id=154316, stack(0x0000009e60700000,0x0000009e60800000)]
  0x000001bc9c983800 JavaThread "http-nio-8080-exec-167" daemon [_thread_blocked, id=163572, stack(0x0000009e60600000,0x0000009e60700000)]
  0x000001bc9c98a000 JavaThread "http-nio-8080-exec-166" daemon [_thread_blocked, id=156504, stack(0x0000009e60500000,0x0000009e60600000)]
  0x000001bc9c982800 JavaThread "http-nio-8080-exec-165" daemon [_thread_blocked, id=153608, stack(0x0000009e60400000,0x0000009e60500000)]
  0x000001bc9c989800 JavaThread "http-nio-8080-exec-164" daemon [_thread_blocked, id=186508, stack(0x0000009e60300000,0x0000009e60400000)]
  0x000001bc9c988800 JavaThread "http-nio-8080-exec-163" daemon [_thread_blocked, id=183820, stack(0x0000009e60200000,0x0000009e60300000)]
  0x000001bc9c981000 JavaThread "http-nio-8080-exec-162" daemon [_thread_blocked, id=176572, stack(0x0000009e60100000,0x0000009e60200000)]
  0x000001bc9c988000 JavaThread "http-nio-8080-exec-161" daemon [_thread_blocked, id=120528, stack(0x0000009e60000000,0x0000009e60100000)]
  0x000001bc9c980800 JavaThread "http-nio-8080-exec-160" daemon [_thread_blocked, id=162476, stack(0x0000009e5ff00000,0x0000009e60000000)]
  0x000001bc9c986800 JavaThread "http-nio-8080-exec-159" daemon [_thread_in_native, id=167636, stack(0x0000009e5fe00000,0x0000009e5ff00000)]
  0x000001bc9c987000 JavaThread "http-nio-8080-exec-158" daemon [_thread_in_Java, id=170244, stack(0x0000009e5fd00000,0x0000009e5fe00000)]
  0x000001bc9c985800 JavaThread "http-nio-8080-exec-157" daemon [_thread_blocked, id=172028, stack(0x0000009e5fc00000,0x0000009e5fd00000)]
  0x000001bc9c982000 JavaThread "http-nio-8080-exec-156" daemon [_thread_blocked, id=174352, stack(0x0000009e5fb00000,0x0000009e5fc00000)]
  0x000001bc9c985000 JavaThread "http-nio-8080-exec-155" daemon [_thread_blocked, id=122100, stack(0x0000009e5fa00000,0x0000009e5fb00000)]
  0x000001bc9c984000 JavaThread "http-nio-8080-exec-154" daemon [_thread_blocked, id=179040, stack(0x0000009e5f900000,0x0000009e5fa00000)]
  0x000001bc9af47800 JavaThread "http-nio-8080-exec-153" daemon [_thread_blocked, id=171068, stack(0x0000009e5f800000,0x0000009e5f900000)]
  0x000001bc9af46000 JavaThread "http-nio-8080-exec-152" daemon [_thread_blocked, id=172580, stack(0x0000009e5f700000,0x0000009e5f800000)]
  0x000001bc9af45800 JavaThread "http-nio-8080-exec-151" daemon [_thread_blocked, id=185312, stack(0x0000009e5f600000,0x0000009e5f700000)]
  0x000001bc9af44800 JavaThread "http-nio-8080-exec-150" daemon [_thread_in_native, id=167308, stack(0x0000009e5f500000,0x0000009e5f600000)]
  0x000001bc9af4b800 JavaThread "http-nio-8080-exec-149" daemon [_thread_in_native, id=168128, stack(0x0000009e5f400000,0x0000009e5f500000)]
  0x000001bc9af4a800 JavaThread "http-nio-8080-exec-148" daemon [_thread_blocked, id=186408, stack(0x0000009e5f300000,0x0000009e5f400000)]
  0x000001bc9af4a000 JavaThread "http-nio-8080-exec-147" daemon [_thread_blocked, id=160156, stack(0x0000009e5f200000,0x0000009e5f300000)]
  0x000001bc9af49000 JavaThread "http-nio-8080-exec-146" daemon [_thread_blocked, id=189036, stack(0x0000009e5f100000,0x0000009e5f200000)]
  0x000001bc9af48800 JavaThread "http-nio-8080-exec-145" daemon [_thread_blocked, id=186256, stack(0x0000009e5f000000,0x0000009e5f100000)]
  0x000001bc9af47000 JavaThread "http-nio-8080-exec-144" daemon [_thread_blocked, id=187700, stack(0x0000009e5ef00000,0x0000009e5f000000)]
  0x000001bc9af3d000 JavaThread "http-nio-8080-exec-143" daemon [_thread_blocked, id=153656, stack(0x0000009e5ee00000,0x0000009e5ef00000)]
  0x000001bc9af40000 JavaThread "http-nio-8080-exec-142" daemon [_thread_blocked, id=136252, stack(0x0000009e5ed00000,0x0000009e5ee00000)]
  0x000001bc9af41000 JavaThread "http-nio-8080-exec-141" daemon [_thread_blocked, id=160548, stack(0x0000009e5ec00000,0x0000009e5ed00000)]
  0x000001bc9af3f800 JavaThread "http-nio-8080-exec-140" daemon [_thread_blocked, id=177776, stack(0x0000009e5eb00000,0x0000009e5ec00000)]
  0x000001bc9af41800 JavaThread "http-nio-8080-exec-139" daemon [_thread_blocked, id=184620, stack(0x0000009e5ea00000,0x0000009e5eb00000)]
  0x000001bc9af44000 JavaThread "http-nio-8080-exec-138" daemon [_thread_blocked, id=174012, stack(0x0000009e5e900000,0x0000009e5ea00000)]
  0x000001bc9af3c800 JavaThread "http-nio-8080-exec-137" daemon [_thread_blocked, id=181984, stack(0x0000009e5e800000,0x0000009e5e900000)]
  0x000001bc9af3e000 JavaThread "http-nio-8080-exec-136" daemon [_thread_in_native, id=186572, stack(0x0000009e5e700000,0x0000009e5e800000)]
  0x000001bc9af3e800 JavaThread "http-nio-8080-exec-135" daemon [_thread_in_native, id=172368, stack(0x0000009e5e600000,0x0000009e5e700000)]
  0x000001bc9af43000 JavaThread "http-nio-8080-exec-134" daemon [_thread_in_native, id=101880, stack(0x0000009e5e500000,0x0000009e5e600000)]
  0x000001bc9af42800 JavaThread "http-nio-8080-exec-133" daemon [_thread_in_native, id=166372, stack(0x0000009e5e400000,0x0000009e5e500000)]
  0x000001bc9af1c800 JavaThread "http-nio-8080-exec-132" daemon [_thread_blocked, id=171428, stack(0x0000009e5e300000,0x0000009e5e400000)]
  0x000001bc9af20000 JavaThread "http-nio-8080-exec-131" daemon [_thread_blocked, id=179204, stack(0x0000009e5e200000,0x0000009e5e300000)]
  0x000001bc9af1e800 JavaThread "http-nio-8080-exec-130" daemon [_thread_in_native, id=183196, stack(0x0000009e5e100000,0x0000009e5e200000)]
  0x000001bc9af18800 JavaThread "http-nio-8080-exec-129" daemon [_thread_blocked, id=155064, stack(0x0000009e5e000000,0x0000009e5e100000)]
  0x000001bc9af1b000 JavaThread "http-nio-8080-exec-128" daemon [_thread_blocked, id=165236, stack(0x0000009e5df00000,0x0000009e5e000000)]
  0x000001bc9af1b800 JavaThread "http-nio-8080-exec-127" daemon [_thread_in_native, id=186588, stack(0x0000009e5de00000,0x0000009e5df00000)]
  0x000001bc9af1e000 JavaThread "http-nio-8080-exec-126" daemon [_thread_blocked, id=187124, stack(0x0000009e5dd00000,0x0000009e5de00000)]
  0x000001bc9af1d000 JavaThread "http-nio-8080-exec-125" daemon [_thread_blocked, id=188208, stack(0x0000009e5dc00000,0x0000009e5dd00000)]
  0x000001bc9af1f800 JavaThread "http-nio-8080-exec-124" daemon [_thread_blocked, id=159832, stack(0x0000009e5db00000,0x0000009e5dc00000)]
  0x000001bc9af1a000 JavaThread "http-nio-8080-exec-123" daemon [_thread_blocked, id=189488, stack(0x0000009e5da00000,0x0000009e5db00000)]
  0x000001bc9af19800 JavaThread "http-nio-8080-exec-122" daemon [_thread_blocked, id=160084, stack(0x0000009e5d900000,0x0000009e5da00000)]
  0x000001bc9af11800 JavaThread "http-nio-8080-exec-121" daemon [_thread_blocked, id=165008, stack(0x0000009e5d800000,0x0000009e5d900000)]
  0x000001bc9af15800 JavaThread "http-nio-8080-exec-120" daemon [_thread_blocked, id=146524, stack(0x0000009e5d700000,0x0000009e5d800000)]
  0x000001bc9af15000 JavaThread "http-nio-8080-exec-119" daemon [_thread_blocked, id=168136, stack(0x0000009e5d600000,0x0000009e5d700000)]
  0x000001bc9af14000 JavaThread "http-nio-8080-exec-118" daemon [_thread_blocked, id=149920, stack(0x0000009e5d500000,0x0000009e5d600000)]
  0x000001bc9af18000 JavaThread "http-nio-8080-exec-117" daemon [_thread_in_native, id=188176, stack(0x0000009e5d400000,0x0000009e5d500000)]
  0x000001bc9af11000 JavaThread "http-nio-8080-exec-116" daemon [_thread_blocked, id=88340, stack(0x0000009e5d300000,0x0000009e5d400000)]
  0x000001bc9af16800 JavaThread "http-nio-8080-exec-115" daemon [_thread_blocked, id=186212, stack(0x0000009e5d200000,0x0000009e5d300000)]
  0x000001bc9af12800 JavaThread "http-nio-8080-exec-114" daemon [_thread_in_native, id=145252, stack(0x0000009e5d100000,0x0000009e5d200000)]
  0x000001bc9af17000 JavaThread "http-nio-8080-exec-113" daemon [_thread_blocked, id=187372, stack(0x0000009e5d000000,0x0000009e5d100000)]
  0x000001bc9af13800 JavaThread "http-nio-8080-exec-112" daemon [_thread_blocked, id=162156, stack(0x0000009e5cf00000,0x0000009e5d000000)]
  0x000001bc9aefe800 JavaThread "http-nio-8080-exec-111" daemon [_thread_blocked, id=166120, stack(0x0000009e5ce00000,0x0000009e5cf00000)]
  0x000001bc9aefd800 JavaThread "http-nio-8080-exec-110" daemon [_thread_blocked, id=163740, stack(0x0000009e5cd00000,0x0000009e5ce00000)]
  0x000001bc9aefc800 JavaThread "http-nio-8080-exec-109" daemon [_thread_blocked, id=153032, stack(0x0000009e5cc00000,0x0000009e5cd00000)]
  0x000001bc9aefa800 JavaThread "http-nio-8080-exec-108" daemon [_thread_in_native, id=188964, stack(0x0000009e5cb00000,0x0000009e5cc00000)]
  0x000001bc9aefb000 JavaThread "http-nio-8080-exec-107" daemon [_thread_blocked, id=175340, stack(0x0000009e5ca00000,0x0000009e5cb00000)]
  0x000001bc9aefc000 JavaThread "http-nio-8080-exec-106" daemon [_thread_in_native, id=177576, stack(0x0000009e5c900000,0x0000009e5ca00000)]
  0x000001bc9aeff000 JavaThread "http-nio-8080-exec-105" daemon [_thread_blocked, id=185076, stack(0x0000009e5c800000,0x0000009e5c900000)]
  0x000001bc9aef3000 JavaThread "http-nio-8080-exec-104" daemon [_thread_blocked, id=165080, stack(0x0000009e5c700000,0x0000009e5c800000)]
  0x000001bc9aef9800 JavaThread "http-nio-8080-exec-103" daemon [_thread_blocked, id=172188, stack(0x0000009e5c600000,0x0000009e5c700000)]
  0x000001bc9aef9000 JavaThread "http-nio-8080-exec-102" daemon [_thread_blocked, id=11332, stack(0x0000009e5c500000,0x0000009e5c600000)]
  0x000001bc9aef1800 JavaThread "http-nio-8080-exec-101" daemon [_thread_blocked, id=177704, stack(0x0000009e5c400000,0x0000009e5c500000)]
  0x000001bc9aef8000 JavaThread "http-nio-8080-exec-100" daemon [_thread_blocked, id=189836, stack(0x0000009e5c300000,0x0000009e5c400000)]
  0x000001bc9aef7800 JavaThread "http-nio-8080-exec-99" daemon [_thread_blocked, id=173376, stack(0x0000009e5c200000,0x0000009e5c300000)]
  0x000001bc9aef0000 JavaThread "http-nio-8080-exec-98" daemon [_thread_blocked, id=160152, stack(0x0000009e5c100000,0x0000009e5c200000)]
  0x000001bc9aef6800 JavaThread "http-nio-8080-exec-97" daemon [_thread_in_native, id=47976, stack(0x0000009e5c000000,0x0000009e5c100000)]
  0x000001bc9aef5000 JavaThread "http-nio-8080-exec-96" daemon [_thread_blocked, id=169868, stack(0x0000009e5bf00000,0x0000009e5c000000)]
  0x000001bc9aef0800 JavaThread "http-nio-8080-exec-95" daemon [_thread_blocked, id=189504, stack(0x0000009e5be00000,0x0000009e5bf00000)]
  0x000001bc9aef2000 JavaThread "http-nio-8080-exec-94" daemon [_thread_blocked, id=151260, stack(0x0000009e5bd00000,0x0000009e5be00000)]
  0x000001bc9aef3800 JavaThread "http-nio-8080-exec-93" daemon [_thread_blocked, id=178544, stack(0x0000009e5bc00000,0x0000009e5bd00000)]
  0x000001bc9aef6000 JavaThread "http-nio-8080-exec-92" daemon [_thread_blocked, id=189212, stack(0x0000009e5bb00000,0x0000009e5bc00000)]
  0x000001bc9aef4800 JavaThread "http-nio-8080-exec-91" daemon [_thread_blocked, id=177524, stack(0x0000009e5ba00000,0x0000009e5bb00000)]
  0x000001bc9ad59800 JavaThread "http-nio-8080-exec-90" daemon [_thread_blocked, id=185724, stack(0x0000009e5b900000,0x0000009e5ba00000)]
  0x000001bc9ad58000 JavaThread "http-nio-8080-exec-89" daemon [_thread_blocked, id=154444, stack(0x0000009e5b800000,0x0000009e5b900000)]
  0x000001bc9ad57000 JavaThread "http-nio-8080-exec-88" daemon [_thread_blocked, id=172724, stack(0x0000009e5b700000,0x0000009e5b800000)]
  0x000001bc9ad58800 JavaThread "http-nio-8080-exec-87" daemon [_thread_blocked, id=163004, stack(0x0000009e5b600000,0x0000009e5b700000)]
  0x000001bc9ad56800 JavaThread "http-nio-8080-exec-86" daemon [_thread_blocked, id=169404, stack(0x0000009e5b500000,0x0000009e5b600000)]
  0x000001bc9ad4f000 JavaThread "http-nio-8080-exec-85" daemon [_thread_blocked, id=140844, stack(0x0000009e5b400000,0x0000009e5b500000)]
  0x000001bc9ad55800 JavaThread "http-nio-8080-exec-84" daemon [_thread_blocked, id=183780, stack(0x0000009e5b300000,0x0000009e5b400000)]
  0x000001bc9ad55000 JavaThread "http-nio-8080-exec-83" daemon [_thread_in_native, id=177412, stack(0x0000009e5b200000,0x0000009e5b300000)]
  0x000001bc9ad4d800 JavaThread "http-nio-8080-exec-82" daemon [_thread_blocked, id=174612, stack(0x0000009e5b100000,0x0000009e5b200000)]
=>0x000001bc9ad54000 JavaThread "http-nio-8080-exec-81" daemon [_thread_in_vm, id=159056, stack(0x0000009e5b000000,0x0000009e5b100000)]
  0x000001bc9ad53800 JavaThread "http-nio-8080-exec-80" daemon [_thread_blocked, id=184932, stack(0x0000009e5af00000,0x0000009e5b000000)]
  0x000001bc9ad4c000 JavaThread "http-nio-8080-exec-79" daemon [_thread_blocked, id=182100, stack(0x0000009e5ae00000,0x0000009e5af00000)]
  0x000001bc9ad52800 JavaThread "http-nio-8080-exec-78" daemon [_thread_blocked, id=147052, stack(0x0000009e5ad00000,0x0000009e5ae00000)]
  0x000001bc9ad52000 JavaThread "http-nio-8080-exec-77" daemon [_thread_blocked, id=176500, stack(0x0000009e5ac00000,0x0000009e5ad00000)]
  0x000001bc9ad4a800 JavaThread "http-nio-8080-exec-76" daemon [_thread_blocked, id=169140, stack(0x0000009e5ab00000,0x0000009e5ac00000)]
  0x000001bc9ad51000 JavaThread "http-nio-8080-exec-75" daemon [_thread_blocked, id=165864, stack(0x0000009e5aa00000,0x0000009e5ab00000)]
  0x000001bc9ad50800 JavaThread "http-nio-8080-exec-74" daemon [_thread_blocked, id=156696, stack(0x0000009e5a900000,0x0000009e5aa00000)]
  0x000001bc9ad4b000 JavaThread "http-nio-8080-exec-73" daemon [_thread_blocked, id=185456, stack(0x0000009e5a800000,0x0000009e5a900000)]
  0x000001bc9ad4c800 JavaThread "http-nio-8080-exec-72" daemon [_thread_blocked, id=187148, stack(0x0000009e5a700000,0x0000009e5a800000)]
  0x000001bc9ad4f800 JavaThread "http-nio-8080-exec-71" daemon [_thread_blocked, id=163312, stack(0x0000009e5a600000,0x0000009e5a700000)]
  0x000001bc9ad4e000 JavaThread "http-nio-8080-exec-70" daemon [_thread_blocked, id=188628, stack(0x0000009e5a500000,0x0000009e5a600000)]
  0x000001bc98e69800 JavaThread "http-nio-8080-exec-69" daemon [_thread_blocked, id=186376, stack(0x0000009e5a400000,0x0000009e5a500000)]
  0x000001bc98e68000 JavaThread "http-nio-8080-exec-68" daemon [_thread_blocked, id=131336, stack(0x0000009e5a300000,0x0000009e5a400000)]
  0x000001bc98e65000 JavaThread "http-nio-8080-exec-67" daemon [_thread_blocked, id=183788, stack(0x0000009e5a200000,0x0000009e5a300000)]
  0x000001bc98e6a800 JavaThread "http-nio-8080-exec-66" daemon [_thread_blocked, id=148004, stack(0x0000009e5a100000,0x0000009e5a200000)]
  0x000001bc98e64800 JavaThread "http-nio-8080-exec-65" daemon [_thread_blocked, id=152336, stack(0x0000009e5a000000,0x0000009e5a100000)]
  0x000001bc98e66000 JavaThread "http-nio-8080-exec-64" daemon [_thread_blocked, id=156092, stack(0x0000009e59f00000,0x0000009e5a000000)]
  0x000001bc98e69000 JavaThread "http-nio-8080-exec-63" daemon [_thread_blocked, id=155972, stack(0x0000009e59e00000,0x0000009e59f00000)]
  0x000001bc98e67800 JavaThread "http-nio-8080-exec-62" daemon [_thread_blocked, id=179152, stack(0x0000009e59d00000,0x0000009e59e00000)]
  0x000001bc98e66800 JavaThread "http-nio-8080-exec-61" daemon [_thread_blocked, id=178896, stack(0x0000009e59c00000,0x0000009e59d00000)]
  0x000001bc98e6b000 JavaThread "http-nio-8080-exec-60" daemon [_thread_blocked, id=112896, stack(0x0000009e59b00000,0x0000009e59c00000)]
  0x000001bc98e5d000 JavaThread "http-nio-8080-exec-59" daemon [_thread_blocked, id=130640, stack(0x0000009e59a00000,0x0000009e59b00000)]
  0x000001bc98e60000 JavaThread "http-nio-8080-exec-58" daemon [_thread_blocked, id=162516, stack(0x0000009e59900000,0x0000009e59a00000)]
  0x000001bc98e60800 JavaThread "http-nio-8080-exec-57" daemon [_thread_blocked, id=184604, stack(0x0000009e59800000,0x0000009e59900000)]
  0x000001bc98e5e800 JavaThread "http-nio-8080-exec-56" daemon [_thread_blocked, id=184420, stack(0x0000009e59700000,0x0000009e59800000)]
  0x000001bc98e5d800 JavaThread "http-nio-8080-exec-55" daemon [_thread_blocked, id=175132, stack(0x0000009e59600000,0x0000009e59700000)]
  0x000001bc98e5f000 JavaThread "http-nio-8080-exec-54" daemon [_thread_blocked, id=167604, stack(0x0000009e59500000,0x0000009e59600000)]
  0x000001bc98e63800 JavaThread "http-nio-8080-exec-53" daemon [_thread_blocked, id=153508, stack(0x0000009e59400000,0x0000009e59500000)]
  0x000001bc98e5c000 JavaThread "http-nio-8080-exec-52" daemon [_thread_blocked, id=186104, stack(0x0000009e59300000,0x0000009e59400000)]
  0x000001bc98e62000 JavaThread "http-nio-8080-exec-51" daemon [_thread_blocked, id=189000, stack(0x0000009e59200000,0x0000009e59300000)]
  0x000001bc98e61800 JavaThread "http-nio-8080-exec-50" daemon [_thread_in_native, id=179688, stack(0x0000009e59100000,0x0000009e59200000)]
  0x000001bc98e63000 JavaThread "http-nio-8080-exec-49" daemon [_thread_in_native, id=162484, stack(0x0000009e59000000,0x0000009e59100000)]
  0x000001bc9ac4a000 JavaThread "http-nio-8080-exec-48" daemon [_thread_in_native, id=186748, stack(0x0000009e58f00000,0x0000009e59000000)]
  0x000001bc9ac4c800 JavaThread "http-nio-8080-exec-47" daemon [_thread_blocked, id=149772, stack(0x0000009e58e00000,0x0000009e58f00000)]
  0x000001bc9ac49800 JavaThread "http-nio-8080-exec-46" daemon [_thread_blocked, id=183608, stack(0x0000009e58d00000,0x0000009e58e00000)]
  0x000001bc9ac4e000 JavaThread "http-nio-8080-exec-45" daemon [_thread_blocked, id=164352, stack(0x0000009e58c00000,0x0000009e58d00000)]
  0x000001bc9ac4d000 JavaThread "http-nio-8080-exec-44" daemon [_thread_blocked, id=189272, stack(0x0000009e58b00000,0x0000009e58c00000)]
  0x000001bc9ac48000 JavaThread "http-nio-8080-exec-43" daemon [_thread_blocked, id=188816, stack(0x0000009e58a00000,0x0000009e58b00000)]
  0x000001bc9ac4b000 JavaThread "http-nio-8080-exec-42" daemon [_thread_blocked, id=131208, stack(0x0000009e58900000,0x0000009e58a00000)]
  0x000001bc9ac48800 JavaThread "http-nio-8080-exec-41" daemon [_thread_blocked, id=164020, stack(0x0000009e58800000,0x0000009e58900000)]
  0x000001bc9ac4b800 JavaThread "http-nio-8080-exec-40" daemon [_thread_blocked, id=190020, stack(0x0000009e58700000,0x0000009e58800000)]
  0x000001bc9ac40800 JavaThread "http-nio-8080-exec-39" daemon [_thread_in_native, id=156140, stack(0x0000009e58600000,0x0000009e58700000)]
  0x000001bc9ac47000 JavaThread "http-nio-8080-exec-38" daemon [_thread_blocked, id=134768, stack(0x0000009e58500000,0x0000009e58600000)]
  0x000001bc9ac46800 JavaThread "http-nio-8080-exec-37" daemon [_thread_blocked, id=153584, stack(0x0000009e58400000,0x0000009e58500000)]
  0x000001bc9ac3f000 JavaThread "http-nio-8080-exec-36" daemon [_thread_blocked, id=188588, stack(0x0000009e58300000,0x0000009e58400000)]
  0x000001bc9ac45800 JavaThread "http-nio-8080-exec-35" daemon [_thread_blocked, id=165464, stack(0x0000009e58200000,0x0000009e58300000)]
  0x000001bc9ac3f800 JavaThread "http-nio-8080-exec-34" daemon [_thread_blocked, id=154856, stack(0x0000009e58100000,0x0000009e58200000)]
  0x000001bc9ac41000 JavaThread "http-nio-8080-exec-33" daemon [_thread_blocked, id=188452, stack(0x0000009e58000000,0x0000009e58100000)]
  0x000001bc9ac45000 JavaThread "http-nio-8080-exec-32" daemon [_thread_blocked, id=151932, stack(0x0000009e57f00000,0x0000009e58000000)]
  0x000001bc9ac44000 JavaThread "http-nio-8080-exec-31" daemon [_thread_in_native, id=62156, stack(0x0000009e57e00000,0x0000009e57f00000)]
  0x000001bc9ac43800 JavaThread "http-nio-8080-exec-30" daemon [_thread_blocked, id=84396, stack(0x0000009e57d00000,0x0000009e57e00000)]
  0x000001bc9ac42000 JavaThread "http-nio-8080-exec-29" daemon [_thread_in_native, id=174148, stack(0x0000009e57c00000,0x0000009e57d00000)]
  0x000001bc9ac42800 JavaThread "http-nio-8080-exec-28" daemon [_thread_in_native, id=182592, stack(0x0000009e57b00000,0x0000009e57c00000)]
  0x000001bc9aaba800 JavaThread "http-nio-8080-exec-27" daemon [_thread_blocked, id=165508, stack(0x0000009e57a00000,0x0000009e57b00000)]
  0x000001bc9aaba000 JavaThread "http-nio-8080-exec-26" daemon [_thread_in_native, id=150460, stack(0x0000009e57900000,0x0000009e57a00000)]
  0x000001bc9aab8800 JavaThread "http-nio-8080-exec-25" daemon [_thread_blocked, id=187000, stack(0x0000009e57800000,0x0000009e57900000)]
  0x000001bc9aab9000 JavaThread "http-nio-8080-exec-24" daemon [_thread_blocked, id=178944, stack(0x0000009e57700000,0x0000009e57800000)]
  0x000001bc9aab7000 JavaThread "http-nio-8080-exec-23" daemon [_thread_blocked, id=175960, stack(0x0000009e57600000,0x0000009e57700000)]
  0x000001bc9aabb800 JavaThread "http-nio-8080-exec-22" daemon [_thread_blocked, id=190100, stack(0x0000009e57500000,0x0000009e57600000)]
  0x000001bc9aab6000 JavaThread "http-nio-8080-exec-21" daemon [_thread_blocked, id=187056, stack(0x0000009e57400000,0x0000009e57500000)]
  0x000001bc9aab5800 JavaThread "http-nio-8080-exec-20" daemon [_thread_blocked, id=161740, stack(0x0000009e57300000,0x0000009e57400000)]
  0x000001bc9aab7800 JavaThread "http-nio-8080-exec-19" daemon [_thread_blocked, id=158588, stack(0x0000009e57200000,0x0000009e57300000)]
  0x000001bc9aaae000 JavaThread "http-nio-8080-exec-18" daemon [_thread_in_native, id=183456, stack(0x0000009e57100000,0x0000009e57200000)]
  0x000001bc9aab4800 JavaThread "http-nio-8080-exec-17" daemon [_thread_blocked, id=185540, stack(0x0000009e57000000,0x0000009e57100000)]
  0x000001bc9aaad000 JavaThread "http-nio-8080-exec-16" daemon [_thread_in_native, id=136952, stack(0x0000009e56b00000,0x0000009e56c00000)]
  0x000001bc9aab4000 JavaThread "http-nio-8080-exec-15" daemon [_thread_in_Java, id=188684, stack(0x0000009e56a00000,0x0000009e56b00000)]
  0x000001bc9aab1000 JavaThread "http-nio-8080-exec-14" daemon [_thread_in_native, id=166168, stack(0x0000009e55800000,0x0000009e55900000)]
  0x000001bc9aab3000 JavaThread "http-nio-8080-exec-13" daemon [_thread_in_native, id=183868, stack(0x0000009e54d00000,0x0000009e54e00000)]
  0x000001bc9aab0000 JavaThread "http-nio-8080-exec-12" daemon [_thread_blocked, id=140148, stack(0x0000009e53e00000,0x0000009e53f00000)]
  0x000001bc9aaaf800 JavaThread "http-nio-8080-exec-11" daemon [_thread_blocked, id=177452, stack(0x0000009e53d00000,0x0000009e53e00000)]
  0x000001bc9aaae800 JavaThread "MySQL Statement Cancellation Timer" daemon [_thread_blocked, id=169972, stack(0x0000009e56f00000,0x0000009e57000000)]
  0x000001bc9aab2800 JavaThread "Druid-ConnectionPool-Destory-5719890" daemon [_thread_blocked, id=166788, stack(0x0000009e56e00000,0x0000009e56f00000)]
  0x000001bc9aaac800 JavaThread "Druid-ConnectionPool-Create-5719890" daemon [_thread_blocked, id=185628, stack(0x0000009e56d00000,0x0000009e56e00000)]
  0x000001bc9aab1800 JavaThread "mysql-cj-abandoned-connection-cleanup" daemon [_thread_blocked, id=150536, stack(0x0000009e56c00000,0x0000009e56d00000)]
  0x000001bc9aa48800 JavaThread "DestroyJavaVM" [_thread_blocked, id=156004, stack(0x0000009e53f00000,0x0000009e54000000)]
  0x000001bc9aa4a000 JavaThread "http-nio-8080-Acceptor" daemon [_thread_in_native, id=136012, stack(0x0000009e56900000,0x0000009e56a00000)]
  0x000001bc9aa47000 JavaThread "http-nio-8080-exec-10" daemon [_thread_in_Java, id=172668, stack(0x0000009e56700000,0x0000009e56800000)]
  0x000001bc9aa4d000 JavaThread "http-nio-8080-exec-9" daemon [_thread_blocked, id=155156, stack(0x0000009e56600000,0x0000009e56700000)]
  0x000001bc9aa4c000 JavaThread "http-nio-8080-exec-8" daemon [_thread_blocked, id=173044, stack(0x0000009e56500000,0x0000009e56600000)]
  0x000001bc9aa4b800 JavaThread "http-nio-8080-exec-7" daemon [_thread_blocked, id=181772, stack(0x0000009e56400000,0x0000009e56500000)]
  0x000001bc9aa46000 JavaThread "http-nio-8080-exec-6" daemon [_thread_blocked, id=173472, stack(0x0000009e56300000,0x0000009e56400000)]
  0x000001bc9aa4a800 JavaThread "http-nio-8080-exec-5" daemon [_thread_blocked, id=146796, stack(0x0000009e56200000,0x0000009e56300000)]
  0x000001bc9aa47800 JavaThread "http-nio-8080-exec-4" daemon [_thread_blocked, id=99864, stack(0x0000009e56100000,0x0000009e56200000)]
  0x000001bc98926800 JavaThread "http-nio-8080-exec-3" daemon [_thread_blocked, id=183556, stack(0x0000009e56000000,0x0000009e56100000)]
  0x000001bc98925800 JavaThread "http-nio-8080-exec-2" daemon [_thread_blocked, id=183852, stack(0x0000009e55f00000,0x0000009e56000000)]
  0x000001bc988dd000 JavaThread "http-nio-8080-exec-1" daemon [_thread_blocked, id=179308, stack(0x0000009e55e00000,0x0000009e55f00000)]
  0x000001bc9a950800 JavaThread "commons-pool-evictor" daemon [_thread_blocked, id=148800, stack(0x0000009e55d00000,0x0000009e55e00000)]
  0x000001bc9a867800 JavaThread "container-0" [_thread_blocked, id=176756, stack(0x0000009e55c00000,0x0000009e55d00000)]
  0x000001bc9a866800 JavaThread "Catalina-utility-2" [_thread_blocked, id=185576, stack(0x0000009e55b00000,0x0000009e55c00000)]
  0x000001bc9a85d800 JavaThread "Catalina-utility-1" [_thread_blocked, id=162788, stack(0x0000009e55a00000,0x0000009e55b00000)]
  0x000001bc99152000 JavaThread "RMI Scheduler(0)" daemon [_thread_blocked, id=170400, stack(0x0000009e55900000,0x0000009e55a00000)]
  0x000001bc98cf9000 JavaThread "RMI TCP Accept-0" daemon [_thread_in_native, id=180828, stack(0x0000009e55600000,0x0000009e55700000)]
  0x000001bc98ab5800 JavaThread "Service Thread" daemon [_thread_blocked, id=165812, stack(0x0000009e55500000,0x0000009e55600000)]
  0x000001bc98a0a800 JavaThread "C1 CompilerThread3" daemon [_thread_blocked, id=187808, stack(0x0000009e55400000,0x0000009e55500000)]
  0x000001bc98a09800 JavaThread "C2 CompilerThread2" daemon [_thread_blocked, id=176236, stack(0x0000009e55300000,0x0000009e55400000)]
  0x000001bc98a05000 JavaThread "C2 CompilerThread1" daemon [_thread_blocked, id=174748, stack(0x0000009e55200000,0x0000009e55300000)]
  0x000001bc98a02000 JavaThread "C2 CompilerThread0" daemon [_thread_blocked, id=140092, stack(0x0000009e55100000,0x0000009e55200000)]
  0x000001bc989c1800 JavaThread "Monitor Ctrl-Break" daemon [_thread_in_native, id=185504, stack(0x0000009e55000000,0x0000009e55100000)]
  0x000001bc9870a000 JavaThread "Attach Listener" daemon [_thread_blocked, id=146652, stack(0x0000009e54f00000,0x0000009e55000000)]
  0x000001bcffc19800 JavaThread "Signal Dispatcher" daemon [_thread_blocked, id=167400, stack(0x0000009e54e00000,0x0000009e54f00000)]
  0x000001bcffbfb800 JavaThread "Finalizer" daemon [_thread_blocked, id=185116, stack(0x0000009e54c00000,0x0000009e54d00000)]
  0x000001bcffbed000 JavaThread "Reference Handler" daemon [_thread_blocked, id=166544, stack(0x0000009e54b00000,0x0000009e54c00000)]

Other Threads:
  0x000001bcffbc5000 VMThread [stack: 0x0000009e54a00000,0x0000009e54b00000] [id=184580]
  0x000001bc98cff800 WatcherThread [stack: 0x0000009e55700000,0x0000009e55800000] [id=169036]

VM state:not at safepoint (normal execution)

VM Mutex/Monitor currently owned by a thread: None

OutOfMemory and StackOverflow Exception counts:
OutOfMemoryError java_heap_errors=1
StackOverflowErrors=2

heap address: 0x00000006e2400000, size: 3548 MB, Compressed Oops mode: Zero based, Oop shift amount: 3
Narrow klass base: 0x0000000000000000, Narrow klass shift: 3
Compressed class space size: 1073741824 Address: 0x00000007c0000000

Heap:
 PSYoungGen      total 373760K, used 247735K [0x0000000776180000, 0x0000000790780000, 0x00000007c0000000)
  eden space 333312K, 70% used [0x0000000776180000,0x000000078470fbe0,0x000000078a700000)
  from space 40448K, 31% used [0x000000078a700000,0x000000078b35e210,0x000000078ce80000)
  to   space 23552K, 0% used [0x000000078ce80000,0x000000078ce80000,0x000000078e580000)
 ParOldGen       total 102912K, used 102668K [0x00000006e2400000, 0x00000006e8880000, 0x0000000776180000)
  object space 102912K, 99% used [0x00000006e2400000,0x00000006e8843288,0x00000006e8880000)
 Metaspace       used 47237K, capacity 49860K, committed 50128K, reserved 1093632K
  class space    used 6005K, capacity 6515K, committed 6608K, reserved 1048576K

Card table byte_map: [0x000001bcfe6c0000,0x000001bcfedb0000] byte_map_base: 0x000001bcfafae000

Marking Bits: (ParMarkBitMap*) 0x0000000066369030
 Begin Bits: [0x000001bc8f000000, 0x000001bc92770000)
 End Bits:   [0x000001bc92770000, 0x000001bc95ee0000)

Polling page: 0x000001bcfca30000

CodeCache: size=245760Kb used=13813Kb max_used=13813Kb free=231946Kb
 bounds [0x000001bc80000000, 0x000001bc80d80000, 0x000001bc8f000000]
 total_blobs=7527 nmethods=6940 adapters=499
 compilation: disabled (not enough contiguous free space left)

Compilation events (10 events):
Event: 690.540 Thread 0x000001bc98a0a800 7038   !   1       org.apache.tomcat.util.http.parser.MediaTypeCache::parse (71 bytes)
Event: 690.541 Thread 0x000001bc98a0a800 nmethod 7038 0x000001bc80d7d990 code [0x000001bc80d7db40, 0x000001bc80d7e000]
Event: 690.541 Thread 0x000001bc98a0a800 7049       1       org.springframework.web.accept.ContentNegotiationManager::resolveMediaTypes (61 bytes)
Event: 690.541 Thread 0x000001bc98a0a800 nmethod 7049 0x000001bc80d7e390 code [0x000001bc80d7e540, 0x000001bc80d7e7d0]
Event: 690.541 Thread 0x000001bc98a0a800 7059   !   1       java.util.Timer::purge (78 bytes)
Event: 690.541 Thread 0x000001bc98a0a800 nmethod 7059 0x000001bc80d7e910 code [0x000001bc80d7eaa0, 0x000001bc80d7eec0]
Event: 690.541 Thread 0x000001bc98a0a800 7042       1       org.apache.ibatis.executor.resultset.ResultSetWrapper::prependPrefixes (95 bytes)
Event: 690.542 Thread 0x000001bc98a0a800 nmethod 7042 0x000001bc80d7f310 code [0x000001bc80d7f500, 0x000001bc80d7fac0]
Event: 690.542 Thread 0x000001bc98a0a800 7069       1       org.thymeleaf.engine.ProcessorTemplateHandler::handleDocType (292 bytes)
Event: 690.550 Thread 0x000001bc98a0a800 


GC Heap History (10 events):
Event: 3.107 GC heap before
{Heap before GC invocations=8 (full 2):
 PSYoungGen      total 221184K, used 11846K [0x0000000776180000, 0x0000000784b00000, 0x00000007c0000000)
  eden space 208896K, 0% used [0x0000000776180000,0x0000000776180000,0x0000000782d80000)
  from space 12288K, 96% used [0x0000000783f00000,0x0000000784a91ae8,0x0000000784b00000)
  to   space 14848K, 0% used [0x0000000782e00000,0x0000000782e00000,0x0000000783c80000)
 ParOldGen       total 71680K, used 11454K [0x00000006e2400000, 0x00000006e6a00000, 0x0000000776180000)
  object space 71680K, 15% used [0x00000006e2400000,0x00000006e2f2fb38,0x00000006e6a00000)
 Metaspace       used 33926K, capacity 35932K, committed 36048K, reserved 1081344K
  class space    used 4616K, capacity 5018K, committed 5072K, reserved 1048576K
Event: 3.141 GC heap after
Heap after GC invocations=8 (full 2):
 PSYoungGen      total 221184K, used 0K [0x0000000776180000, 0x0000000784b00000, 0x00000007c0000000)
  eden space 208896K, 0% used [0x0000000776180000,0x0000000776180000,0x0000000782d80000)
  from space 12288K, 0% used [0x0000000783f00000,0x0000000783f00000,0x0000000784b00000)
  to   space 14848K, 0% used [0x0000000782e00000,0x0000000782e00000,0x0000000783c80000)
 ParOldGen       total 102912K, used 17165K [0x00000006e2400000, 0x00000006e8880000, 0x0000000776180000)
  object space 102912K, 16% used [0x00000006e2400000,0x00000006e34c36a8,0x00000006e8880000)
 Metaspace       used 33926K, capacity 35932K, committed 36048K, reserved 1081344K
  class space    used 4616K, capacity 5018K, committed 5072K, reserved 1048576K
}
Event: 685.962 GC heap before
{Heap before GC invocations=9 (full 2):
 PSYoungGen      total 221184K, used 208896K [0x0000000776180000, 0x0000000784b00000, 0x00000007c0000000)
  eden space 208896K, 100% used [0x0000000776180000,0x0000000782d80000,0x0000000782d80000)
  from space 12288K, 0% used [0x0000000783f00000,0x0000000783f00000,0x0000000784b00000)
  to   space 14848K, 0% used [0x0000000782e00000,0x0000000782e00000,0x0000000783c80000)
 ParOldGen       total 102912K, used 17165K [0x00000006e2400000, 0x00000006e8880000, 0x0000000776180000)
  object space 102912K, 16% used [0x00000006e2400000,0x00000006e34c36a8,0x00000006e8880000)
 Metaspace       used 45407K, capacity 48084K, committed 48336K, reserved 1091584K
  class space    used 5996K, capacity 6511K, committed 6608K, reserved 1048576K
Event: 686.822 GC heap after
Heap after GC invocations=9 (full 2):
 PSYoungGen      total 224256K, used 14841K [0x0000000776180000, 0x000000078e580000, 0x00000007c0000000)
  eden space 209408K, 0% used [0x0000000776180000,0x0000000776180000,0x0000000782e00000)
  from space 14848K, 99% used [0x0000000782e00000,0x0000000783c7e7d0,0x0000000783c80000)
  to   space 23552K, 0% used [0x000000078ce80000,0x000000078ce80000,0x000000078e580000)
 ParOldGen       total 102912K, used 30444K [0x00000006e2400000, 0x00000006e8880000, 0x0000000776180000)
  object space 102912K, 29% used [0x00000006e2400000,0x00000006e41bb328,0x00000006e8880000)
 Metaspace       used 45407K, capacity 48084K, committed 48336K, reserved 1091584K
  class space    used 5996K, capacity 6511K, committed 6608K, reserved 1048576K
}
Event: 687.382 GC heap before
{Heap before GC invocations=10 (full 2):
 PSYoungGen      total 224256K, used 224249K [0x0000000776180000, 0x000000078e580000, 0x00000007c0000000)
  eden space 209408K, 100% used [0x0000000776180000,0x0000000782e00000,0x0000000782e00000)
  from space 14848K, 99% used [0x0000000782e00000,0x0000000783c7e7d0,0x0000000783c80000)
  to   space 23552K, 0% used [0x000000078ce80000,0x000000078ce80000,0x000000078e580000)
 ParOldGen       total 102912K, used 30444K [0x00000006e2400000, 0x00000006e8880000, 0x0000000776180000)
  object space 102912K, 29% used [0x00000006e2400000,0x00000006e41bb328,0x00000006e8880000)
 Metaspace       used 46274K, capacity 49014K, committed 49104K, reserved 1091584K
  class space    used 6014K, capacity 6534K, committed 6608K, reserved 1048576K
Event: 687.406 GC heap after
Heap after GC invocations=10 (full 2):
 PSYoungGen      total 356864K, used 23539K [0x0000000776180000, 0x0000000790780000, 0x00000007c0000000)
  eden space 333312K, 0% used [0x0000000776180000,0x0000000776180000,0x000000078a700000)
  from space 23552K, 99% used [0x000000078ce80000,0x000000078e57cfc0,0x000000078e580000)
  to   space 40448K, 0% used [0x000000078a700000,0x000000078a700000,0x000000078ce80000)
 ParOldGen       total 102912K, used 60761K [0x00000006e2400000, 0x00000006e8880000, 0x0000000776180000)
  object space 102912K, 59% used [0x00000006e2400000,0x00000006e5f56490,0x00000006e8880000)
 Metaspace       used 46274K, capacity 49014K, committed 49104K, reserved 1091584K
  class space    used 6014K, capacity 6534K, committed 6608K, reserved 1048576K
}
Event: 689.986 GC heap before
{Heap before GC invocations=11 (full 2):
 PSYoungGen      total 356864K, used 356851K [0x0000000776180000, 0x0000000790780000, 0x00000007c0000000)
  eden space 333312K, 100% used [0x0000000776180000,0x000000078a700000,0x000000078a700000)
  from space 23552K, 99% used [0x000000078ce80000,0x000000078e57cfc0,0x000000078e580000)
  to   space 40448K, 0% used [0x000000078a700000,0x000000078a700000,0x000000078ce80000)
 ParOldGen       total 102912K, used 60761K [0x00000006e2400000, 0x00000006e8880000, 0x0000000776180000)
  object space 102912K, 59% used [0x00000006e2400000,0x00000006e5f56490,0x00000006e8880000)
 Metaspace       used 47270K, capacity 49974K, committed 50128K, reserved 1093632K
  class space    used 6015K, capacity 6534K, committed 6608K, reserved 1048576K
Event: 690.114 GC heap after
Heap after GC invocations=11 (full 2):
 PSYoungGen      total 373760K, used 40435K [0x0000000776180000, 0x0000000790780000, 0x00000007c0000000)
  eden space 333312K, 0% used [0x0000000776180000,0x0000000776180000,0x000000078a700000)
  from space 40448K, 99% used [0x000000078a700000,0x000000078ce7cf80,0x000000078ce80000)
  to   space 23552K, 0% used [0x000000078ce80000,0x000000078ce80000,0x000000078e580000)
 ParOldGen       total 102912K, used 88579K [0x00000006e2400000, 0x00000006e8880000, 0x0000000776180000)
  object space 102912K, 86% used [0x00000006e2400000,0x00000006e7a80e58,0x00000006e8880000)
 Metaspace       used 47270K, capacity 49974K, committed 50128K, reserved 1093632K
  class space    used 6015K, capacity 6534K, committed 6608K, reserved 1048576K
}
Event: 690.114 GC heap before
{Heap before GC invocations=12 (full 3):
 PSYoungGen      total 373760K, used 40435K [0x0000000776180000, 0x0000000790780000, 0x00000007c0000000)
  eden space 333312K, 0% used [0x0000000776180000,0x0000000776180000,0x000000078a700000)
  from space 40448K, 99% used [0x000000078a700000,0x000000078ce7cf80,0x000000078ce80000)
  to   space 23552K, 0% used [0x000000078ce80000,0x000000078ce80000,0x000000078e580000)
 ParOldGen       total 102912K, used 88579K [0x00000006e2400000, 0x00000006e8880000, 0x0000000776180000)
  object space 102912K, 86% used [0x00000006e2400000,0x00000006e7a80e58,0x00000006e8880000)
 Metaspace       used 47270K, capacity 49974K, committed 50128K, reserved 1093632K
  class space    used 6015K, capacity 6534K, committed 6608K, reserved 1048576K
Event: 690.528 GC heap after
Heap after GC invocations=12 (full 3):
 PSYoungGen      total 373760K, used 12664K [0x0000000776180000, 0x0000000790780000, 0x00000007c0000000)
  eden space 333312K, 0% used [0x0000000776180000,0x0000000776180000,0x000000078a700000)
  from space 40448K, 31% used [0x000000078a700000,0x000000078b35e210,0x000000078ce80000)
  to   space 23552K, 0% used [0x000000078ce80000,0x000000078ce80000,0x000000078e580000)
 ParOldGen       total 102912K, used 102668K [0x00000006e2400000, 0x00000006e8880000, 0x0000000776180000)
  object space 102912K, 99% used [0x00000006e2400000,0x00000006e8843288,0x00000006e8880000)
 Metaspace       used 47235K, capacity 49860K, committed 50128K, reserved 1093632K
  class space    used 6004K, capacity 6515K, committed 6608K, reserved 1048576K
}

Deoptimization events (0 events):
No events

Classes redefined (0 events):
No events

Internal exceptions (10 events):
Event: 3.004 Thread 0x000001bcfc78b800 Exception <a 'java/lang/ClassNotFoundException': org/springframework/web/context/ServletContextAwareCustomizer> (0x0000000778aa6ab0) thrown at [C:\jenkins\workspace\8-2-build-windows-amd64-cygwin\jdk8u331\2416\hotspot\src\share\vm\classfile\systemDictiona
Event: 3.005 Thread 0x000001bcfc78b800 Exception <a 'java/lang/ClassNotFoundException': org/springframework/beans/factory/AwareCustomizer> (0x0000000778ab8e90) thrown at [C:\jenkins\workspace\8-2-build-windows-amd64-cygwin\jdk8u331\2416\hotspot\src\share\vm\classfile\systemDictionary.cpp, line
Event: 3.084 Thread 0x000001bc98ec6000 Exception <a 'java/lang/reflect/InvocationTargetException'> (0x00000007794ddb68) thrown at [C:\jenkins\workspace\8-2-build-windows-amd64-cygwin\jdk8u331\2416\hotspot\src\share\vm\runtime\reflection.cpp, line 1092]
Event: 3.187 Thread 0x000001bcfc78b800 Exception <a 'java/lang/NoSuchMethodError': java.lang.Object.lambda$thenComparing$36697e65$1(Ljava/util/Comparator;Ljava/lang/Object;Ljava/lang/Object;)I> (0x0000000776b55050) thrown at [C:\jenkins\workspace\8-2-build-windows-amd64-cygwin\jdk8u331\2416\ho
Event: 3.213 Thread 0x000001bcfc78b800 Exception <a 'java/lang/IncompatibleClassChangeError': Found class java.lang.Object, but interface was expected> (0x0000000776d9fbe8) thrown at [C:\jenkins\workspace\8-2-build-windows-amd64-cygwin\jdk8u331\2416\hotspot\src\share\vm\interpreter\linkResolve
Event: 39.653 Thread 0x000001bc9aa4a800 Exception <a 'java/lang/ClassNotFoundException': java/lang/ObjectCustomizer> (0x000000077d267128) thrown at [C:\jenkins\workspace\8-2-build-windows-amd64-cygwin\jdk8u331\2416\hotspot\src\share\vm\classfile\systemDictionary.cpp, line 212]
Event: 39.655 Thread 0x000001bc9aa4a800 Exception <a 'java/lang/ClassNotFoundException': com/high_con/grad/vo/LoginVoCustomizer> (0x000000077d27ca78) thrown at [C:\jenkins\workspace\8-2-build-windows-amd64-cygwin\jdk8u331\2416\hotspot\src\share\vm\classfile\systemDictionary.cpp, line 212]
Event: 690.598 Thread 0x000001bc9aa49000 Exception <a 'java/lang/OutOfMemoryError': unable to create new native thread> (0x0000000776ad5480) thrown at [C:\jenkins\workspace\8-2-build-windows-amd64-cygwin\jdk8u331\2416\hotspot\src\share\vm\prims\jvm.cpp, line 3174]
Event: 690.603 Thread 0x000001bc9ad54000 StackOverflowError at 0x000001bc808411a0
Event: 690.603 Thread 0x000001bc9ad54000 Exception <a 'java/lang/StackOverflowError'> (0x000000077ac4bb48) thrown at [C:\jenkins\workspace\8-2-build-windows-amd64-cygwin\jdk8u331\2416\hotspot\src\share\vm\runtime\sharedRuntime.cpp, line 609]

Events (10 events):
Event: 689.847 Executing VM operation: BulkRevokeBias done
Event: 689.983 Executing VM operation: ParallelGCFailedAllocation
Event: 690.528 Executing VM operation: ParallelGCFailedAllocation done
Event: 690.528 Executing VM operation: RevokeBias
Event: 690.530 Executing VM operation: RevokeBias done
Event: 690.599 loading class java/lang/Throwable$WrappedPrintStream
Event: 690.600 loading class java/lang/Throwable$WrappedPrintStream done
Event: 690.601 Thread 0x000001bc9aa49000 Thread exited: 0x000001bc9aa49000
Event: 690.603 loading class com/mysql/cj/exceptions/CJPacketTooBigException
Event: 690.603 loading class com/mysql/cj/exceptions/CJPacketTooBigException done


Dynamic libraries:
0x00007ff6eeb00000 - 0x00007ff6eeb47000 	C:\Program Files\Java\jdk1.8.0_331\bin\java.exe
0x00007ffaea440000 - 0x00007ffaea649000 	C:\Windows\SYSTEM32\ntdll.dll
0x00007ffae9910000 - 0x00007ffae99ce000 	C:\Windows\System32\KERNEL32.DLL
0x00007ffae7910000 - 0x00007ffae7c8b000 	C:\Windows\System32\KERNELBASE.dll
0x00007ffaea0c0000 - 0x00007ffaea16e000 	C:\Windows\System32\ADVAPI32.dll
0x00007ffaea1d0000 - 0x00007ffaea273000 	C:\Windows\System32\msvcrt.dll
0x00007ffae8420000 - 0x00007ffae84be000 	C:\Windows\System32\sechost.dll
0x00007ffae8dc0000 - 0x00007ffae8ee0000 	C:\Windows\System32\RPCRT4.dll
0x00007ffae99e0000 - 0x00007ffae9b8d000 	C:\Windows\System32\USER32.dll
0x00007ffae7d50000 - 0x00007ffae7d76000 	C:\Windows\System32\win32u.dll
0x00007ffaea280000 - 0x00007ffaea2a9000 	C:\Windows\System32\GDI32.dll
0x00007ffae7d80000 - 0x00007ffae7e98000 	C:\Windows\System32\gdi32full.dll
0x00007ffae8220000 - 0x00007ffae82bd000 	C:\Windows\System32\msvcp_win.dll
0x00007ffae8090000 - 0x00007ffae81a1000 	C:\Windows\System32\ucrtbase.dll
0x00007ffadb610000 - 0x00007ffadb8b5000 	C:\Windows\WinSxS\amd64_microsoft.windows.common-controls_6595b64144ccf1df_6.0.22000.120_none_9d947278b86cc467\COMCTL32.dll
0x00007ffaea170000 - 0x00007ffaea1a2000 	C:\Windows\System32\IMM32.DLL
0x00007ffae36b0000 - 0x00007ffae36c5000 	C:\Program Files\Java\jdk1.8.0_331\jre\bin\vcruntime140.dll
0x00007ffac91d0000 - 0x00007ffac926b000 	C:\Program Files\Java\jdk1.8.0_331\jre\bin\msvcp140.dll
0x0000000065b80000 - 0x00000000663e1000 	C:\Program Files\Java\jdk1.8.0_331\jre\bin\server\jvm.dll
0x00007ffae9b90000 - 0x00007ffae9b98000 	C:\Windows\System32\PSAPI.DLL
0x00007ffaddf50000 - 0x00007ffaddf59000 	C:\Windows\SYSTEM32\WSOCK32.dll
0x00007ffae8af0000 - 0x00007ffae8b5f000 	C:\Windows\System32\WS2_32.dll
0x00007ffae38e0000 - 0x00007ffae3913000 	C:\Windows\SYSTEM32\WINMM.dll
0x00007ffae29e0000 - 0x00007ffae29ea000 	C:\Windows\SYSTEM32\VERSION.dll
0x00007ffae6900000 - 0x00007ffae6918000 	C:\Windows\SYSTEM32\kernel.appcore.dll
0x00007ffae12a0000 - 0x00007ffae12b0000 	C:\Program Files\Java\jdk1.8.0_331\jre\bin\verify.dll
0x00007ffadf170000 - 0x00007ffadf19b000 	C:\Program Files\Java\jdk1.8.0_331\jre\bin\java.dll
0x00007ffadecb0000 - 0x00007ffadece0000 	C:\Program Files\Java\jdk1.8.0_331\jre\bin\instrument.dll
0x00007ffadf150000 - 0x00007ffadf168000 	C:\Program Files\Java\jdk1.8.0_331\jre\bin\zip.dll
0x00007ffae9150000 - 0x00007ffae9907000 	C:\Windows\System32\SHELL32.dll
0x00007ffae59c0000 - 0x00007ffae6225000 	C:\Windows\SYSTEM32\windows.storage.dll
0x00007ffae9ce0000 - 0x00007ffaea058000 	C:\Windows\System32\combase.dll
0x00007ffae5850000 - 0x00007ffae59b6000 	C:\Windows\SYSTEM32\wintypes.dll
0x00007ffae82c0000 - 0x00007ffae83aa000 	C:\Windows\System32\SHCORE.dll
0x00007ffaea3a0000 - 0x00007ffaea3fd000 	C:\Windows\System32\shlwapi.dll
0x00007ffae7840000 - 0x00007ffae7861000 	C:\Windows\SYSTEM32\profapi.dll
0x00007ffaded90000 - 0x00007ffadedaa000 	C:\Program Files\JetBrains\IntelliJ IDEA 2022.2.2\bin\breakgen64.dll
0x00007ffadf130000 - 0x00007ffadf14c000 	C:\Program Files\Java\jdk1.8.0_331\jre\bin\net.dll
0x00007ffae6e30000 - 0x00007ffae6e97000 	C:\Windows\system32\mswsock.dll
0x00007ffae64b0000 - 0x00007ffae6598000 	C:\Windows\SYSTEM32\DNSAPI.dll
0x00007ffae6480000 - 0x00007ffae64ad000 	C:\Windows\SYSTEM32\IPHLPAPI.DLL
0x00007ffae99d0000 - 0x00007ffae99d9000 	C:\Windows\System32\NSI.dll
0x00007ffae0a60000 - 0x00007ffae0a6a000 	C:\Windows\System32\rasadhlp.dll
0x00007ffae1e10000 - 0x00007ffae1e91000 	C:\Windows\System32\fwpuclnt.dll
0x00007ffae1290000 - 0x00007ffae129d000 	C:\Program Files\Java\jdk1.8.0_331\jre\bin\management.dll
0x00007ffadedb0000 - 0x00007ffadedc3000 	C:\Program Files\Java\jdk1.8.0_331\jre\bin\nio.dll
0x00007ffae7070000 - 0x00007ffae7088000 	C:\Windows\SYSTEM32\CRYPTSP.dll
0x00007ffae68c0000 - 0x00007ffae68f5000 	C:\Windows\system32\rsaenh.dll
0x00007ffae6f20000 - 0x00007ffae6f49000 	C:\Windows\SYSTEM32\USERENV.dll
0x00007ffae7270000 - 0x00007ffae7297000 	C:\Windows\SYSTEM32\bcrypt.dll
0x00007ffae8010000 - 0x00007ffae808f000 	C:\Windows\System32\bcryptprimitives.dll
0x00007ffae7090000 - 0x00007ffae709c000 	C:\Windows\SYSTEM32\CRYPTBASE.dll
0x00007ffae3050000 - 0x00007ffae3069000 	C:\Windows\SYSTEM32\dhcpcsvc6.DLL
0x00007ffae3660000 - 0x00007ffae367e000 	C:\Windows\SYSTEM32\dhcpcsvc.DLL
0x00007ffac8210000 - 0x00007ffac8227000 	C:\Windows\system32\napinsp.dll
0x00007ffac8170000 - 0x00007ffac818b000 	C:\Windows\system32\pnrpnsp.dll
0x00007ffac8150000 - 0x00007ffac8162000 	C:\Windows\System32\winrnr.dll
0x00007ffac8100000 - 0x00007ffac8115000 	C:\Windows\system32\wshbth.dll
0x00007ffac80e0000 - 0x00007ffac80ff000 	C:\Windows\system32\nlansp_c.dll
0x00007ffade070000 - 0x00007ffade094000 	C:\Program Files\Java\jdk1.8.0_331\jre\bin\sunec.dll
0x00007ffadfeb0000 - 0x00007ffadfebd000 	C:\Program Files\Java\jdk1.8.0_331\jre\bin\sunmscapi.dll
0x00007ffae7ea0000 - 0x00007ffae8002000 	C:\Windows\System32\CRYPT32.dll
0x00007ffae7240000 - 0x00007ffae7268000 	C:\Windows\SYSTEM32\ncrypt.dll
0x00007ffae7200000 - 0x00007ffae7237000 	C:\Windows\SYSTEM32\NTASN1.dll

VM Arguments:
jvm_args: -XX:TieredStopAtLevel=1 -Xverify:none -Dspring.output.ansi.enabled=always -Dcom.sun.management.jmxremote -Dspring.jmx.enabled=true -Dspring.liveBeansView.mbeanDomain -Dspring.application.admin.enabled=true -javaagent:C:\Program Files\JetBrains\IntelliJ IDEA 2022.2.2\lib\idea_rt.jar=64985:C:\Program Files\JetBrains\IntelliJ IDEA 2022.2.2\bin -Dfile.encoding=UTF-8 
java_command: com.high_con.grad.MainApplication
java_class_path (initial): C:\Program Files\Java\jdk1.8.0_331\jre\lib\charsets.jar;C:\Program Files\Java\jdk1.8.0_331\jre\lib\deploy.jar;C:\Program Files\Java\jdk1.8.0_331\jre\lib\ext\access-bridge-64.jar;C:\Program Files\Java\jdk1.8.0_331\jre\lib\ext\cldrdata.jar;C:\Program Files\Java\jdk1.8.0_331\jre\lib\ext\dnsns.jar;C:\Program Files\Java\jdk1.8.0_331\jre\lib\ext\jaccess.jar;C:\Program Files\Java\jdk1.8.0_331\jre\lib\ext\jfxrt.jar;C:\Program Files\Java\jdk1.8.0_331\jre\lib\ext\localedata.jar;C:\Program Files\Java\jdk1.8.0_331\jre\lib\ext\nashorn.jar;C:\Program Files\Java\jdk1.8.0_331\jre\lib\ext\sunec.jar;C:\Program Files\Java\jdk1.8.0_331\jre\lib\ext\sunjce_provider.jar;C:\Program Files\Java\jdk1.8.0_331\jre\lib\ext\sunmscapi.jar;C:\Program Files\Java\jdk1.8.0_331\jre\lib\ext\sunpkcs11.jar;C:\Program Files\Java\jdk1.8.0_331\jre\lib\ext\zipfs.jar;C:\Program Files\Java\jdk1.8.0_331\jre\lib\javaws.jar;C:\Program Files\Java\jdk1.8.0_331\jre\lib\jce.jar;C:\Program Files\Java\jdk1.8.0_331\jre\lib\jfr.jar;C:\Program Files\Java\jdk1.8.0_331\jre\lib\jfxswt.jar;C:\Program Files\Java\jdk1.8.0_331\jre\lib\jsse.jar;C:\Program Files\Java\jdk1.8.0_331\jre\lib\management-agent.jar;C:\Program Files\Java\jdk1.8.0_331\jre\lib\plugin.jar;C:\Program Files\Java\jdk1.8.0_331\jre\lib\resources.jar;C:\Program Files\Java\jdk1.8.0_331\jre\lib\rt.jar;D:\high_concurrent\grad\target\classes;C:\Users\23839\.m2\repository\org\springframework\boot\spring-boot-starter-web\2.7.6\spring-boot-starter-web-2.7.6.jar;C:\Users\23839\.m2\repository\org\springframework\boot\spring-boot-starter\2.7.6\spring-boot-starter-2.7.6.jar;C:\Users\23839\.m2\repository\org\springframework\boot\spring-boot\2.7.6\spring-boot-2.7.6.jar;C:\Users\23839\.m2\repository\org\springframework\boot\spring-boot-autoconfigure\2.7.6\spring-boot-autoconfigure-2.7.6.jar;C:\Users\23839\.m2\repository\org\springframework\boot\spring-boot-starter-logging\2.7.6\spring-boot-starter-logging-2.7.6.jar;C:\Users\23839\.m2\repository\ch\qo
Launcher Type: SUN_STANDARD

Environment Variables:
JAVA_HOME=C:\Program Files\Java\jdk1.8.0_331
CLASSPATH=.;C:\Program Files\Java\jdk1.8.0_331\lib;C:\Program Files\Java\jdk1.8.0_331\lib\tools.jar
PATH=D:\vmwareworkstation\bin\;C:\Program Files\Java\jdk1.8.0_331\bin;C:\Program Files\Java\jdk1.8.0_331\jre\bin;C:\Program Files\Common Files\Oracle\Java\javapath;C:\Windows\system32;C:\Windows;C:\Windows\System32\Wbem;C:\Windows\System32\WindowsPowerShell\v1.0\;C:\Windows\System32\OpenSSH\;C:\Program Files (x86)\NVIDIA Corporation\PhysX\Common;C:\Program Files\NVIDIA Corporation\NVIDIA NvDLISR;D:\apache-maven-3.6.1\bin;;C:\Program Files\Docker\Docker\resources\bin;C:\Program Files\MySQL\MySQL Shell 8.0\bin\;C:\Users\23839\AppData\Local\Microsoft\WindowsApps;;C:\Program Files\JetBrains\IntelliJ IDEA 2022.2.2\bin;
USERNAME=23839
OS=Windows_NT
PROCESSOR_IDENTIFIER=AMD64 Family 25 Model 80 Stepping 0, AuthenticAMD



---------------  S Y S T E M  ---------------

OS: Windows 11 , 64 bit Build 22000 (10.0.22000.1335)

CPU:total 12 (initial active 12) (12 cores per cpu, 1 threads per core) family 25 model 80 stepping 0, cmov, cx8, fxsr, mmx, sse, sse2, sse3, ssse3, sse4.1, sse4.2, popcnt, avx, avx2, aes, clmul, erms, mmxext, 3dnowpref, lzcnt, sse4a, tsc, tscinvbit, tscinv, bmi1

Memory: 4k page, physical 14528572k(357440k free), swap 50536120k(0k free)

vm_info: Java HotSpot(TM) 64-Bit Server VM (25.331-b09) for windows-amd64 JRE (1.8.0_331-b09), built on Mar 10 2022 03:14:38 by "java_re" with MS VC++ 15.9 (VS2017)

time: Thu Feb  2 16:26:05 2023
timezone: 
elapsed time: 690.837490 seconds (0d 0h 11m 30s)

